<?xml version="1.0" encoding="UTF-8"?>
<!-- Generated by org.testng.reporters.JUnitReportReporter -->
<testsuite hostname="LAPTOP-Q5E25PUN" failures="0" tests="8" name="com.facebook.qa.test.LoginPageTest" time="66.031" errors="0" timestamp="21 Jul 2022 06:24:34 GMT" skipped="0">
  <testcase classname="com.facebook.qa.test.LoginPageTest" name="multipleLoginTest" time="9.881"/>
  <testcase classname="com.facebook.qa.test.LoginPageTest" name="multipleLoginTest" time="11.994"/>
  <testcase classname="com.facebook.qa.test.LoginPageTest" name="multipleLoginTest" time="8.517"/>
  <testcase classname="com.facebook.qa.test.LoginPageTest" name="multipleLoginTest" time="9.707"/>
  <testcase classname="com.facebook.qa.test.LoginPageTest" name="multipleLoginTest" time="8.108"/>
  <testcase classname="com.facebook.qa.test.LoginPageTest" name="loginPageTitleTest" time="7.959"/>
  <testcase classname="com.facebook.qa.test.LoginPageTest" name="faceBookLogoImageTest" time="5.188"/>
  <testcase classname="com.facebook.qa.test.LoginPageTest" name="loginTest" time="4.677"/>
</testsuite> <!-- com.facebook.qa.test.LoginPageTest -->
