<?xml version="1.0" encoding="UTF-8"?>
<!-- Generated by org.testng.reporters.JUnitReportReporter -->
<testsuite hostname="LAPTOP-Q5E25PUN" failures="0" tests="2" name="com.facebook.qa.test.SignUpPageTest" time="22.030" errors="0" timestamp="21 Jul 2022 10:46:18 GMT" skipped="0">
  <testcase classname="com.facebook.qa.test.SignUpPageTest" name="signUpPageTitleTest" time="11.205"/>
  <testcase classname="com.facebook.qa.test.SignUpPageTest" name="SignUpTest" time="10.825"/>
</testsuite> <!-- com.facebook.qa.test.SignUpPageTest -->
